
Logfile opened on Sat Mar 01 18:29:01 2025


g_gametype will be changed upon restarting.
Loading fastfile 'code_post_gfx_mp'
used 0.47 MB memory in DB alloc
Waited 7 msec for asset 'maps/mp/gametypes/_gametypes.txt' of type 'rawfile'.
Loaded fastfile 'code_post_gfx_mp' in 26ms (19ms waiting)
Loading fastfile 'localized_code_post_gfx_mp'
used 0.69 MB memory in DB alloc
Loaded fastfile 'localized_code_post_gfx_mp' in 27ms (16ms waiting)
Loading fastfile 'common_mp'
used 39.00 MB memory in DB alloc
Loaded fastfile 'common_mp' in 224ms (92ms waiting)
Loading fastfile 'mod'
used 6.99 MB memory in DB alloc
Loaded fastfile 'mod' in 42ms (11ms waiting)
------ Server Initialization ------
Server: mp_killhouse
SV_SpawnServer checksum feed: 0x7daf4c90
e:\cod4server\main\localized_english_iw00.iwd: 1718774667
e:\cod4server\main\localized_english_iw01.iwd: -447146714
e:\cod4server\main\localized_english_iw02.iwd: 492300637
e:\cod4server\main\localized_english_iw03.iwd: -359731006
e:\cod4server\main\localized_english_iw04.iwd: -174036185
e:\cod4server\main\localized_english_iw05.iwd: -1248474720
e:\cod4server\main\localized_english_iw06.iwd: -865200138
e:\cod4server\main\iw_00.iwd: -1190209610
e:\cod4server\main\iw_01.iwd: 648005745
e:\cod4server\main\iw_02.iwd: -165391090
e:\cod4server\main\iw_03.iwd: 309900900
e:\cod4server\main\iw_04.iwd: 499941093
e:\cod4server\main\iw_05.iwd: 489843315
e:\cod4server\main\iw_06.iwd: -715502781
e:\cod4server\main\iw_07.iwd: -1041447890
e:\cod4server\main\iw_08.iwd: -1079795827
e:\cod4server\main\iw_09.iwd: -1846635013
e:\cod4server\main\iw_10.iwd: 173489706
e:\cod4server\main\iw_11.iwd: -292863836
e:\cod4server\main\iw_12.iwd: 1043426064
e:\cod4server\main\iw_13.iwd: 2115322797
e:\cod4server\main\jcod4x_00.iwd: 94291723
e:\cod4server\main\xbase_00.iwd: -978930286
e:\cod4server\mods\hns\HNS.iwd: -1536891654
e:\cod4server\mods\hns\Maps.iwd: 1837663881
e:\cod4server\mods\hns\Mod.iwd: 1472847418
e:\cod4server\mods\hns\Sounds.iwd: 1228478391
Current language: english
Current fs_basepath: e:/cod4server
Current fs_homepath: e:/cod4server
Current search path:
e:\cod4server\mods\hns\Sounds.iwd (11 files)
e:\cod4server\mods\hns\Mod.iwd (1 files)
e:\cod4server\mods\hns\Maps.iwd (1 files)
e:\cod4server\mods\hns\HNS.iwd (198 files)
e:/cod4server/mods/hns
e:/cod4server/usermaps/mp_killhouse
e:\cod4server\main\xbase_00.iwd (115 files)
e:\cod4server\main\jcod4x_00.iwd (67 files)
e:\cod4server\main\iw_13.iwd (265 files)
e:\cod4server\main\iw_12.iwd (33 files)
e:\cod4server\main\iw_11.iwd (448 files)
e:\cod4server\main\iw_10.iwd (230 files)
e:\cod4server\main\iw_09.iwd (447 files)
e:\cod4server\main\iw_08.iwd (66 files)
e:\cod4server\main\iw_07.iwd (34 files)
e:\cod4server\main\iw_06.iwd (416 files)
e:\cod4server\main\iw_05.iwd (716 files)
e:\cod4server\main\iw_04.iwd (765 files)
e:\cod4server\main\iw_03.iwd (670 files)
e:\cod4server\main\iw_02.iwd (1296 files)
e:\cod4server\main\iw_01.iwd (1456 files)
e:\cod4server\main\iw_00.iwd (1054 files)
e:/cod4server/main
e:/cod4server/main_shared
e:/cod4server/players
e:\cod4server\main\localized_english_iw06.iwd (7 files)
    localized assets iwd file for english
e:\cod4server\main\localized_english_iw05.iwd (1338 files)
    localized assets iwd file for english
e:\cod4server\main\localized_english_iw04.iwd (1730 files)
    localized assets iwd file for english
e:\cod4server\main\localized_english_iw03.iwd (3705 files)
    localized assets iwd file for english
e:\cod4server\main\localized_english_iw02.iwd (3483 files)
    localized assets iwd file for english
e:\cod4server\main\localized_english_iw01.iwd (3181 files)
    localized assets iwd file for english
e:\cod4server\main\localized_english_iw00.iwd (2903 files)
    localized assets iwd file for english

File Handles:
handle 1: qconsole.log
----------------------
24636 files in iwd files
Adding fastfile 'mp_killhouse' to queue
Loading fastfile 'mp_killhouse'
used 44.20 MB memory in DB alloc
Waited 174 msec for asset 'maps/mp/mp_killhouse.d3dbsp' of type 'col_map_mp'.
------- Game Initialization -------
gamename: Call of Duty 4
gamedate: Feb 12 2009
fs_ignoreLocalized is cheat protected.
fs_ignoreLocalized is cheat protected.
Loaded fastfile 'mp_killhouse' in 379ms (116ms waiting)
^1Error: Waited 195 msec for missing asset "codescripts/delete.gsx".
-----------------------------------
By using this software you agree to the usage conditions you can find at https://github.com/callofduty4x/CoD4x_Server#usage-conditions-for-server-hosters
-----------------------------------
^4Calculate referenced files checksums...
^4CRC32 for mods/hns/HNS.iwd is 9bdb0c15 Len 3586443
^4CRC32 for mods/hns/Maps.iwd is 1dcf0a2a Len 271
^4CRC32 for mods/hns/Mod.iwd is cc2d5220 Len 207
^4CRC32 for mods/hns/Sounds.iwd is a3c13a5f Len 15661126
^4CRC32 for main/iw_11.iwd is e9cf411f Len 151420446
^4CRC32 for zone/english/code_post_gfx_mp.ff is b144581c Len 89196
^4CRC32 for zone/english/common_mp.ff is 4ef7a074 Len 13517381
^4CRC32 for mods/hns/mod.ff is 7ff9e8ce Len 2883541
^4CRC32 for zone/english/mp_killhouse.ff is 74a9a11f Len 39319415
Steam: Server connected successfully
Resolving cod4master.activision.com 
Sending master heartbeat from 0.0.0.0:5555 to 84.21.7.14:20810
Sending master heartbeat from 0.0.0.0:5555 to 188.165.57.239:20810
cod4master.activision.com resolved to 185.34.107.159:20810
^5Hitch warning: 2098 msec frame time
GameServer is not VAC Secure!
GameServer SteamID: [A:1:2553532446]
Resolving cod4master.activision.com
cod4master.activision.com resolved to 185.34.107.159:20800
Masterserver needs token to complete registration
Sending master heartbeat from [2405:201:a000:d2bc:fd0b:7fe5:e34f:b73]:5555 to [2a02:730:1220::187]:20810
Masterserver needs token to complete registration
Sending master heartbeat from [2405:201:a000:d2bc:fd0b:7fe5:e34f:b73]:5555 to [2001:41d0:a:37ad::17]:20810
Can not register server on the masterserver. Server needs to provide a valid token in cvar sv_authtoken.
Steam: Server got logged out
Steam: Server connected successfully
GameServer is not VAC Secure!
GameServer SteamID: [A:1:2553532446]
Going from CS_FREE to CS_CONNECTED for TD2 num 0 from: [2405:201:a000:d2bc:fd0b:7fe5:e34f:b73]:28960<=
Sending master heartbeat from 0.0.0.0:5555 to 188.165.57.239:20810
Sending master heartbeat from 0.0.0.0:5555 to 84.21.7.14:20810
Masterserver needs token to complete registration
Sending master heartbeat from [2405:201:a000:d2bc:fd0b:7fe5:e34f:b73]:5555 to [2a02:730:1220::187]:20810
Masterserver needs token to complete registration
Sending master heartbeat from [2405:201:a000:d2bc:fd0b:7fe5:e34f:b73]:5555 to [2001:41d0:a:37ad::17]:20810
Received packet 0 of stats data
Can not register server on the masterserver. Server needs to provide a valid token in cvar sv_authtoken.
Check for file mods/hns/HNS.iwd
clientDownload: 0 : begining "mods/hns/HNS.iwd"
Writing mods/hns/HNS.iwd len 3586443
DL Get blocks: 0 len 3586443
Player TD2^7, 0 dropped: EXE_DISCONNECTED
Sending master heartbeat from 0.0.0.0:5555 to 188.165.57.239:20810
Sending master heartbeat from 0.0.0.0:5555 to 84.21.7.14:20810
Masterserver needs token to complete registration
Sending master heartbeat from [2405:201:a000:d2bc:fd0b:7fe5:e34f:b73]:5555 to [2a02:730:1220::187]:20810
Masterserver needs token to complete registration
Going from CS_ZOMBIE to CS_FREE for client 0
Sending master heartbeat from [2405:201:a000:d2bc:fd0b:7fe5:e34f:b73]:5555 to [2001:41d0:a:37ad::17]:20810
Can not register server on the masterserver. Server needs to provide a valid token in cvar sv_authtoken.
Steam: Server got logged out
Steam: Server connected successfully
GameServer is not VAC Secure!
GameServer SteamID: [A:1:2553532446]
Steam: Server got logged out
Steam: Server connected successfully
GameServer is not VAC Secure!
GameServer SteamID: [A:1:2553532446]
Steam: Server got logged out
Steam: Server connected successfully
GameServer is not VAC Secure!
GameServer SteamID: [A:1:2553532446]
Sending master heartbeat from 0.0.0.0:5555 to 84.21.7.14:20810
Sending master heartbeat from 0.0.0.0:5555 to 188.165.57.239:20810
Masterserver needs token to complete registration
Sending master heartbeat from [2405:201:a000:d2bc:fd0b:7fe5:e34f:b73]:5555 to [2a02:730:1220::187]:20810
Masterserver needs token to complete registration
Sending master heartbeat from [2405:201:a000:d2bc:fd0b:7fe5:e34f:b73]:5555 to [2001:41d0:a:37ad::17]:20810
Can not register server on the masterserver. Server needs to provide a valid token in cvar sv_authtoken.
Steam: Server got logged out
Steam: Server connected successfully
GameServer is not VAC Secure!
GameServer SteamID: [A:1:2553532446]
Steam: Server got logged out
Steam: Server connected successfully
GameServer is not VAC Secure!
GameServer SteamID: [A:1:2553532446]
Sending master heartbeat from 0.0.0.0:5555 to 84.21.7.14:20810
Sending master heartbeat from 0.0.0.0:5555 to 188.165.57.239:20810
Masterserver needs token to complete registration
Sending master heartbeat from [2405:201:a000:d2bc:fd0b:7fe5:e34f:b73]:5555 to [2a02:730:1220::187]:20810
Masterserver needs token to complete registration
Sending master heartbeat from [2405:201:a000:d2bc:fd0b:7fe5:e34f:b73]:5555 to [2001:41d0:a:37ad::17]:20810
Can not register server on the masterserver. Server needs to provide a valid token in cvar sv_authtoken.
Steam: Server got logged out
Steam: Server connected successfully
GameServer is not VAC Secure!
GameServer SteamID: [A:1:2553532446]
Steam: Server got logged out
Steam: Server connected successfully
GameServer is not VAC Secure!
GameServer SteamID: [A:1:2553532446]
